<?xml version="1.0" encoding="UTF-8" ?>
<testsuite 
errors="0" failures="0" hostname="ROCBSU" name="org.scalatest.junit.JUnitWrapperSuite" tests="0" time="0.026" timestamp="2022-11-02T19:47:50">
  <properties>
    <property name="java.runtime.name" value="OpenJDK Runtime Environment"/>
    <property 
    name="sun.boot.library.path" value="C:\Users\User\.jdks\temurin-1.8.0_345\jre\bin">
</property>
    <property name="java.vm.version" value="25.345-b01"/>
    <property name="java.vm.vendor" value="Temurin"/>
    <property name="java.vendor.url" value="https://adoptium.net/"/>
    <property name="path.separator" value=";"/>
    <property name="java.vm.name" value="OpenJDK 64-Bit Server VM"/>
    <property name="file.encoding.pkg" value="sun.io"/>
    <property name="user.script" value=""/>
    <property name="user.country" value="RU"/>
    <property name="sun.java.launcher" value="SUN_STANDARD"/>
    <property name="sun.os.patch.level" value=""/>
    <property 
    name="java.vm.specification.name" value="Java Virtual Machine Specification">
</property>
    <property name="user.dir" value="F:\scala_prod\4\Scala1"/>
    <property name="java.runtime.version" value="1.8.0_345-b01"/>
    <property 
    name="java.awt.graphicsenv" value="sun.awt.Win32GraphicsEnvironment">
</property>
    <property name="basedir" value="F:\scala_prod\4\Scala1"/>
    <property 
    name="java.endorsed.dirs" value="C:\Users\User\.jdks\temurin-1.8.0_345\jre\lib\endorsed">
</property>
    <property name="os.arch" value="amd64"/>
    <property name="java.io.tmpdir" value="C:\Users\User\AppData\Local\Temp\"/>
    <property name="line.separator" value=" "/>
    <property name="java.vm.specification.vendor" value="Oracle Corporation"/>
    <property name="user.variant" value=""/>
    <property name="os.name" value="Windows 10"/>
    <property name="sun.jnu.encoding" value="Cp1251"/>
    <property 
    name="java.library.path" value="C:\Users\User\.jdks\temurin-1.8.0_345\bin;C:\WINDOWS\Sun\Java\bin;C:\WINDOWS\system32;C:\WINDOWS;C:\Program Files\Microsoft\jdk-11.0.12.7-hotspot\bin;C:\Python39\Scripts\;C:\Python39\;C:\ProgramData\Oracle\Java\javapath;C:\WINDOWS\system32;C:\WINDOWS;C:\WINDOWS\System32\Wbem;C:\WINDOWS\System32\WindowsPowerShell\v1.0\;C:\WINDOWS\System32\OpenSSH\;C:\Program Files (x86)\Microsoft SQL Server\150\DTS\Binn\;C:\Program Files\Azure Data Studio\bin;C:\Program Files\dotnet\;C:\Program Files (x86)\Embarcadero\Studio\18.0\bin;C:\Users\Public\Documents\Embarcadero\Studio\18.0\Bpl;C:\Program Files\Microsoft SQL Server\130\Tools\Binn\;C:\Program Files\Microsoft SQL Server\Client SDK\ODBC\170\Tools\Binn\;C:\Program Files (x86)\Microsoft SQL Server\110\DTS\Binn\;C:\Program Files (x86)\Microsoft SQL Server\120\DTS\Binn\;C:\Program Files (x86)\Microsoft SQL Server\130\DTS\Binn\;C:\Program Files (x86)\Microsoft SQL Server\140\DTS\Binn\;C:\Program Files\Git\cmd;C:\Program Files\nodejs\;C:\ProgramData\chocolatey\bin;C:\Program Files\Microsoft SQL Server\150\Tools\Binn\;C:\Program Files (x86)\dotnet\;C:\Users\User\AppData\Local\Microsoft\WindowsApps;C:\Users\User\AppData\Local\Programs\Microsoft VS Code\bin;C:\Program Files\Azure Data Studio\bin;C:\Users\User\.dotnet\tools;C:\Users\User\AppData\Local\GitHubDesktop\bin;C:\Users\User\AppData\Roaming\npm;C:\Program Files\Git\bin;C:\msys64\mingw64\bin;;.">
</property>
    <property 
    name="java.specification.name" value="Java Platform API Specification">
</property>
    <property name="java.class.version" value="52.0"/>
    <property 
    name="sun.management.compiler" value="HotSpot 64-Bit Tiered Compilers">
</property>
    <property name="os.version" value="10.0"/>
    <property name="user.home" value="C:\Users\User"/>
    <property name="user.timezone" value=""/>
    <property name="java.awt.printerjob" value="sun.awt.windows.WPrinterJob"/>
    <property name="file.encoding" value="Cp1251"/>
    <property name="java.specification.version" value="1.8"/>
    <property name="user.name" value="User"/>
    <property 
    name="java.class.path" value="F:\scala_prod\4\Scala1\target\test-classes;F:\scala_prod\4\Scala1\target\classes;C:\Users\User\.m2\repository\org\scala-lang\scala-library\2.12.6\scala-library-2.12.6.jar;C:\Users\User\.m2\repository\junit\junit\4.12\junit-4.12.jar;C:\Users\User\.m2\repository\org\hamcrest\hamcrest-core\1.3\hamcrest-core-1.3.jar;C:\Users\User\.m2\repository\org\scalatest\scalatest_2.12\3.0.5\scalatest_2.12-3.0.5.jar;C:\Users\User\.m2\repository\org\scalactic\scalactic_2.12\3.0.5\scalactic_2.12-3.0.5.jar;C:\Users\User\.m2\repository\org\scala-lang\scala-reflect\2.12.4\scala-reflect-2.12.4.jar;C:\Users\User\.m2\repository\org\scala-lang\modules\scala-xml_2.12\1.0.6\scala-xml_2.12-1.0.6.jar;C:\Users\User\.m2\repository\org\specs2\specs2-core_2.12\4.2.0\specs2-core_2.12-4.2.0.jar;C:\Users\User\.m2\repository\org\specs2\specs2-matcher_2.12\4.2.0\specs2-matcher_2.12-4.2.0.jar;C:\Users\User\.m2\repository\org\specs2\specs2-common_2.12\4.2.0\specs2-common_2.12-4.2.0.jar;C:\Users\User\.m2\repository\org\specs2\specs2-fp_2.12\4.2.0\specs2-fp_2.12-4.2.0.jar;C:\Users\User\.m2\repository\org\scala-lang\modules\scala-parser-combinators_2.12\1.1.0\scala-parser-combinators_2.12-1.1.0.jar;C:\Users\User\.m2\repository\org\scala-sbt\test-interface\1.0\test-interface-1.0.jar;C:\Users\User\.m2\repository\org\specs2\specs2-junit_2.12\4.2.0\specs2-junit_2.12-4.2.0.jar">
</property>
    <property name="java.vm.specification.version" value="1.8"/>
    <property name="sun.arch.data.model" value="64"/>
    <property 
    name="java.home" value="C:\Users\User\.jdks\temurin-1.8.0_345\jre">
</property>
    <property 
    name="sun.java.command" value="org.scalatest.tools.Runner -R F:\scala_prod\4\Scala1\target\classes F:\scala_prod\4\Scala1\target\test-classes -j samples.AppTest -o -f F:\scala_prod\4\Scala1\target\surefire-reports\TestSuiteReport.txt -u F:\scala_prod\4\Scala1\target\surefire-reports\.">
</property>
    <property name="java.specification.vendor" value="Oracle Corporation"/>
    <property name="user.language" value="ru"/>
    <property name="awt.toolkit" value="sun.awt.windows.WToolkit"/>
    <property name="java.vm.info" value="mixed mode"/>
    <property name="java.version" value="1.8.0_345"/>
    <property 
    name="java.ext.dirs" value="C:\Users\User\.jdks\temurin-1.8.0_345\jre\lib\ext;C:\WINDOWS\Sun\Java\lib\ext">
</property>
    <property 
    name="sun.boot.class.path" value="C:\Users\User\.jdks\temurin-1.8.0_345\jre\lib\resources.jar;C:\Users\User\.jdks\temurin-1.8.0_345\jre\lib\rt.jar;C:\Users\User\.jdks\temurin-1.8.0_345\jre\lib\sunrsasign.jar;C:\Users\User\.jdks\temurin-1.8.0_345\jre\lib\jsse.jar;C:\Users\User\.jdks\temurin-1.8.0_345\jre\lib\jce.jar;C:\Users\User\.jdks\temurin-1.8.0_345\jre\lib\charsets.jar;C:\Users\User\.jdks\temurin-1.8.0_345\jre\lib\jfr.jar;C:\Users\User\.jdks\temurin-1.8.0_345\jre\classes">
</property>
    <property name="java.vendor" value="Temurin"/>
    <property name="file.separator" value="\"/>
    <property 
    name="java.vendor.url.bug" value="https://github.com/adoptium/adoptium-support/issues">
</property>
    <property name="sun.cpu.endian" value="little"/>
    <property name="sun.io.unicode.encoding" value="UnicodeLittle"/>
    <property name="sun.desktop" value="windows"/>
    <property name="sun.cpu.isalist" value="amd64"/>
  </properties>
  <system-out><![CDATA[]]></system-out>
  <system-err><![CDATA[]]></system-err>
</testsuite>
